<?xml version="1.0" encoding="UTF-8"?>
<!-- Generated by org.testng.reporters.JUnitReportReporter -->
<testsuite hostname="Lenovo-PC" failures="0" tests="1" name="com.crm.vtiger.Createopportunity_contactstest" time="110.826" errors="0" timestamp="2022-03-16T12:48:00 IST" skipped="0">
  <testcase classname="com.crm.vtiger.Createopportunity_contactstest" name="test" time="110.826"/>
  <system-out/>
</testsuite> <!-- com.crm.vtiger.Createopportunity_contactstest -->
