<?xml version="1.0" encoding="UTF-8"?>
<!-- Generated by org.testng.reporters.JUnitReportReporter -->
<testsuite hostname="Lenovo-PC" failures="0" tests="1" name="com.crm.vtiger.Createproducttest" time="37.287" errors="0" timestamp="2022-03-23T21:47:45 IST" skipped="0">
  <testcase classname="com.crm.vtiger.Createproducttest" name="test" time="37.287"/>
  <system-out/>
</testsuite> <!-- com.crm.vtiger.Createproducttest -->
