<?xml version="1.0" encoding="UTF-8"?>
<!-- Generated by org.testng.reporters.JUnitReportReporter -->
<testsuite hostname="Lenovo-PC" failures="0" tests="1" name="com.crm.vtiger.Createcontact_organizationtest" time="88.588" errors="0" timestamp="2022-03-16T14:47:23 IST" skipped="0">
  <testcase classname="com.crm.vtiger.Createcontact_organizationtest" name="test" time="88.588"/>
  <system-out/>
</testsuite> <!-- com.crm.vtiger.Createcontact_organizationtest -->
