<?xml version="1.0" encoding="UTF-8"?>
<!-- Generated by org.testng.reporters.JUnitReportReporter -->
<testsuite hostname="Lenovo-PC" failures="0" tests="1" name="com.crm.vtiger.Createorganizationtest" time="44.799" errors="0" timestamp="2022-03-16T14:53:20 IST" skipped="0">
  <testcase classname="com.crm.vtiger.Createorganizationtest" name="test" time="44.799"/>
  <system-out/>
</testsuite> <!-- com.crm.vtiger.Createorganizationtest -->
