<?xml version="1.0" encoding="UTF-8"?>
<!-- Generated by org.testng.reporters.JUnitReportReporter -->
<testsuite hostname="Lenovo-PC" failures="0" tests="5" name="com.crm.sampletest.Createorganizationusingdataprovidertest" time="328.579" errors="0" timestamp="2022-03-14T13:01:24 IST" skipped="0">
  <testcase classname="com.crm.sampletest.Createorganizationusingdataprovidertest" name="multipledata" time="70.644"/>
  <system-out/>
  <testcase classname="com.crm.sampletest.Createorganizationusingdataprovidertest" name="multipledata" time="56.543"/>
  <system-out/>
  <testcase classname="com.crm.sampletest.Createorganizationusingdataprovidertest" name="multipledata" time="67.054"/>
  <system-out/>
  <testcase classname="com.crm.sampletest.Createorganizationusingdataprovidertest" name="multipledata" time="66.758"/>
  <system-out/>
  <testcase classname="com.crm.sampletest.Createorganizationusingdataprovidertest" name="multipledata" time="67.580"/>
  <system-out/>
</testsuite> <!-- com.crm.sampletest.Createorganizationusingdataprovidertest -->
