<?xml version="1.0" encoding="UTF-8"?>
<!-- Generated by org.testng.reporters.JUnitReportReporter -->
<testsuite hostname="Lenovo-PC" failures="0" tests="1" name="com.crm.practice.Createorganizationname" time="0.021" errors="0" timestamp="2022-03-16T10:13:33 IST" skipped="0">
  <testcase classname="com.crm.practice.Createorganizationname" name="modifyorgname" time="0.021"/>
  <system-out/>
</testsuite> <!-- com.crm.practice.Createorganizationname -->
