<?xml version="1.0" encoding="UTF-8"?>
<!-- Generated by org.testng.reporters.JUnitReportReporter -->
<testsuite hostname="Lenovo-PC" failures="0" tests="1" name="com.crm.vtiger.Createcontacttest" time="28.891" errors="0" timestamp="2022-03-15T17:27:43 IST" skipped="0">
  <testcase classname="com.crm.vtiger.Createcontacttest" name="test" time="28.891"/>
  <system-out/>
</testsuite> <!-- com.crm.vtiger.Createcontacttest -->
