<?xml version="1.0" encoding="UTF-8"?>
<!-- Generated by org.testng.reporters.JUnitReportReporter -->
<testsuite hostname="Lenovo-PC" failures="0" tests="1" name="com.crm.practice.Createcontactname" time="0.019" errors="0" timestamp="2022-03-15T21:57:35 IST" skipped="0">
  <testcase classname="com.crm.practice.Createcontactname" name="createcontactname" time="0.019"/>
  <system-out/>
</testsuite> <!-- com.crm.practice.Createcontactname -->
