<?xml version="1.0" encoding="UTF-8"?>
<!-- Generated by org.testng.reporters.JUnitReportReporter -->
<testsuite hostname="Lenovo-PC" failures="0" tests="1" name="com.crm.vtiger.Createopportunity_organizationstest" time="43.408" errors="0" timestamp="2022-03-16T14:53:20 IST" skipped="0">
  <testcase classname="com.crm.vtiger.Createopportunity_organizationstest" name="test" time="43.408"/>
  <system-out/>
</testsuite> <!-- com.crm.vtiger.Createopportunity_organizationstest -->
