<?xml version="1.0" encoding="UTF-8"?>
<!-- Generated by org.testng.reporters.JUnitReportReporter -->
<testsuite hostname="Lenovo-PC" failures="0" tests="1" name="com.crm.sampletest.Datadriventest" time="0.013" errors="0" timestamp="2022-03-16T15:20:43 IST" skipped="0">
  <testcase classname="com.crm.sampletest.Datadriventest" name="fetchthevalues" time="0.013"/>
  <system-out/>
</testsuite> <!-- com.crm.sampletest.Datadriventest -->
